E, [2019-11-14T21:19:12.315808 #692539] ERROR -- Kitchen: ------Exception-------
E, [2019-11-14T21:19:12.315888 #692539] ERROR -- Kitchen: Class: Kitchen::UserError
E, [2019-11-14T21:19:12.315909 #692539] ERROR -- Kitchen: Message: Kitchen YAML file /home/steveb/workspace/terraform/topologies/a2_backend_cluster_config/terraform_12/.kitchen.local.yml does not exist.
E, [2019-11-14T21:19:12.315926 #692539] ERROR -- Kitchen: ----------------------
E, [2019-11-14T21:19:12.315942 #692539] ERROR -- Kitchen: ------Backtrace-------
E, [2019-11-14T21:19:12.315952 #692539] ERROR -- Kitchen: /opt/chef-workstation/embedded/lib/ruby/gems/2.6.0/gems/test-kitchen-2.3.2/lib/kitchen/loader/yaml.rb:65:in `read'
E, [2019-11-14T21:19:12.315962 #692539] ERROR -- Kitchen: /opt/chef-workstation/embedded/lib/ruby/gems/2.6.0/gems/test-kitchen-2.3.2/lib/kitchen/config.rb:154:in `data'
E, [2019-11-14T21:19:12.315972 #692539] ERROR -- Kitchen: /opt/chef-workstation/embedded/lib/ruby/gems/2.6.0/gems/test-kitchen-2.3.2/lib/kitchen/config.rb:132:in `suites'
E, [2019-11-14T21:19:12.315981 #692539] ERROR -- Kitchen: /opt/chef-workstation/embedded/lib/ruby/gems/2.6.0/gems/test-kitchen-2.3.2/lib/kitchen/config.rb:184:in `filter_instances'
E, [2019-11-14T21:19:12.315990 #692539] ERROR -- Kitchen: /opt/chef-workstation/embedded/lib/ruby/gems/2.6.0/gems/test-kitchen-2.3.2/lib/kitchen/config.rb:143:in `build_instances'
E, [2019-11-14T21:19:12.316000 #692539] ERROR -- Kitchen: /opt/chef-workstation/embedded/lib/ruby/gems/2.6.0/gems/test-kitchen-2.3.2/lib/kitchen/config.rb:117:in `instances'
E, [2019-11-14T21:19:12.316009 #692539] ERROR -- Kitchen: /opt/chef-workstation/embedded/lib/ruby/gems/2.6.0/gems/test-kitchen-2.3.2/lib/kitchen/command.rb:112:in `filtered_instances'
E, [2019-11-14T21:19:12.316018 #692539] ERROR -- Kitchen: /opt/chef-workstation/embedded/lib/ruby/gems/2.6.0/gems/test-kitchen-2.3.2/lib/kitchen/command.rb:142:in `parse_subcommand'
E, [2019-11-14T21:19:12.316027 #692539] ERROR -- Kitchen: /opt/chef-workstation/embedded/lib/ruby/gems/2.6.0/gems/test-kitchen-2.3.2/lib/kitchen/command/list.rb:30:in `call'
E, [2019-11-14T21:19:12.316036 #692539] ERROR -- Kitchen: /opt/chef-workstation/embedded/lib/ruby/gems/2.6.0/gems/test-kitchen-2.3.2/lib/kitchen/cli.rb:52:in `perform'
E, [2019-11-14T21:19:12.316044 #692539] ERROR -- Kitchen: /opt/chef-workstation/embedded/lib/ruby/gems/2.6.0/gems/test-kitchen-2.3.2/lib/kitchen/cli.rb:120:in `list'
E, [2019-11-14T21:19:12.316053 #692539] ERROR -- Kitchen: /opt/chef-workstation/embedded/lib/ruby/gems/2.6.0/gems/thor-0.20.3/lib/thor/command.rb:27:in `run'
E, [2019-11-14T21:19:12.316062 #692539] ERROR -- Kitchen: /opt/chef-workstation/embedded/lib/ruby/gems/2.6.0/gems/thor-0.20.3/lib/thor/invocation.rb:126:in `invoke_command'
E, [2019-11-14T21:19:12.316071 #692539] ERROR -- Kitchen: /opt/chef-workstation/embedded/lib/ruby/gems/2.6.0/gems/thor-0.20.3/lib/thor.rb:387:in `dispatch'
E, [2019-11-14T21:19:12.316080 #692539] ERROR -- Kitchen: /opt/chef-workstation/embedded/lib/ruby/gems/2.6.0/gems/thor-0.20.3/lib/thor/base.rb:466:in `start'
E, [2019-11-14T21:19:12.316088 #692539] ERROR -- Kitchen: /opt/chef-workstation/embedded/lib/ruby/gems/2.6.0/gems/test-kitchen-2.3.2/bin/kitchen:13:in `block in <top (required)>'
E, [2019-11-14T21:19:12.316098 #692539] ERROR -- Kitchen: /opt/chef-workstation/embedded/lib/ruby/gems/2.6.0/gems/test-kitchen-2.3.2/lib/kitchen/errors.rb:171:in `with_friendly_errors'
E, [2019-11-14T21:19:12.316114 #692539] ERROR -- Kitchen: /opt/chef-workstation/embedded/lib/ruby/gems/2.6.0/gems/test-kitchen-2.3.2/bin/kitchen:13:in `<top (required)>'
E, [2019-11-14T21:19:12.316128 #692539] ERROR -- Kitchen: /opt/chef-workstation/bin/kitchen:356:in `load'
E, [2019-11-14T21:19:12.316137 #692539] ERROR -- Kitchen: /opt/chef-workstation/bin/kitchen:356:in `<main>'
E, [2019-11-14T21:19:12.316146 #692539] ERROR -- Kitchen: ----End Backtrace-----
